<?xml version="1.0" encoding="UTF-8"?>
<testng-results skipped="0" failed="0" ignored="0" total="1" passed="1">
  <reporter-output>
  </reporter-output>
  <suite name="Suite" duration-ms="26" started-at="2022-03-26T06:24:16Z" finished-at="2022-03-26T06:24:16Z">
    <groups>
    </groups>
    <test name="Test" duration-ms="26" started-at="2022-03-26T06:24:16Z" finished-at="2022-03-26T06:24:16Z">
      <class name="TestCases.SampleTest">
        <test-method status="PASS" signature="Test1()[pri:0, instance:TestCases.SampleTest@23d2a7e8]" name="Test1" duration-ms="5" started-at="2022-03-26T06:24:16Z" finished-at="2022-03-26T06:24:16Z">
          <reporter-output>
          </reporter-output>
        </test-method> <!-- Test1 -->
      </class> <!-- TestCases.SampleTest -->
    </test> <!-- Test -->
  </suite> <!-- Suite -->
</testng-results>
