<?xml version="1.0" encoding="UTF-8"?>
<testng-results ignored="0" total="1" passed="1" failed="0" skipped="0">
  <reporter-output>
  </reporter-output>
  <suite started-at="2022-03-26T02:24:31 EDT" name="Suite" finished-at="2022-03-26T02:24:31 EDT" duration-ms="100">
    <groups>
    </groups>
    <test started-at="2022-03-26T02:24:31 EDT" name="Test" finished-at="2022-03-26T02:24:31 EDT" duration-ms="100">
      <class name="TestCases.SampleTest">
        <test-method signature="Test1()[pri:0, instance:TestCases.SampleTest@f381794]" started-at="2022-03-26T02:24:31 EDT" name="Test1" finished-at="2022-03-26T02:24:31 EDT" duration-ms="13" status="PASS">
          <reporter-output>
          </reporter-output>
        </test-method> <!-- Test1 -->
      </class> <!-- TestCases.SampleTest -->
    </test> <!-- Test -->
  </suite> <!-- Suite -->
</testng-results>
